Created at  18 : 19 on  26 -  3 - 2001


****************************************************************************
The following information and options have been used for the PMG estimation:
****************************************************************************

There are  2 stochastic regressors (X) and  1 deterministic
regressors (Z).

The maximum number of time periods and groups are: 34  24

The maximum number of iterations for the pooled maximum likelihood estimation
is set to: 1000

The value for the missing observations is set to:
8934567

Group names are given as alphanumerics.

The whole group data is selected.

You have included a relative variable as one of the regressors (X).

The data you have used are the raw ones. If there is a common
factor problem, use demeaned data.

The fixed lag specification has been selected.

All the long-run parameters have been restricted to be the same
across groups.

Your own values have been used as initial estimate(s) of the long-run
parameter(s) for the pooled maximum likelihood estimation.

You have chosen to use the Newton-Raphson method which uses both
the first and the second derivative of the log-likelihood function.

Detailed estimation results follow.


PAGE   1

          **********************************************************
          Alternative Estimates for Dynamic Heterogenous Panel Model
          **********************************************************


Computations converged after    10 iterations.

The number of groups is N =   24

The number of whole time periods by groups are:

  33   33   32   33   33   33   33   33   33   33   33   33   33   33   33
  33   33   33   33   33   33   33   33   33

Orders of fixed lags in the ARDL model which you have specified:

  1   2   0

The number of time periods by groups used in estimation are:

  31   31   30   31   31   31   31   31   31   31   31   31   31   31   31
  31   31   31   31   31   31   31   31   31

Restricted log likelihood:        2139.3546
Unrestricted log likelihood:      2200.1104

LR statistic testing for equal long-run parameters:       121.5116
LR statistic is distributed as Chi-Squared with  46 degrees of freedom,
and its p-value is 0.0000

       --------------------------------------------------
       Alternative Initial Estimates of the LR Parameters
       --------------------------------------------------
         Mean Group Estimates    Static Fixed Effects    Dynamic Fixed Effects
         --------------------    --------------------    ---------------------
        Coef.  St. Er. t-ratio  Coef.  St. Er. t-ratio  Coef. St. Er. t-ratio

 inc    0.92    0.03   33.20    0.95    0.01  142.20    0.92    0.02   48.33
 inf   -0.30    0.13   -2.38   -0.09    0.03   -3.46   -0.31    0.08   -4.02



PAGE   2

*********  ***************************     ****************************
Group  1   Pooled Mean Group Estimates       Group-Specific Estimates
*********  ***************************     ****************************
Australi    Dependent variable:  con                         T =  31

            Coef.     St. Er.  t-ratio      Coef.     St. Er.  t-ratio

Long-Run Coefficients

     inc    0.9145    0.0076  120.8898      1.0815    0.0461   23.4391
     inf   -0.5008    0.0521   -9.6144     -0.6483    0.1889   -3.4308

Error Correction Coefficients

     Phi   -0.0684    0.0368   -1.8580     -0.1816    0.0665   -2.7285

Short-Run Coefficients

     inc    0.0626    0.0337    1.8563      0.1964    0.0734    2.6758
     inf   -0.0343    0.0188   -1.8231     -0.1177    0.0580   -2.0308
    dinc    0.2237    0.0564    3.9664      0.1301    0.0753    1.7273
dinc(-1)    0.0933    0.0459    2.0327      0.0677    0.0488    1.3863
    Inpt    0.0485    0.0201    2.4136     -0.1817    0.1128   -1.6103

                      Summary statistics and diagnostics
                      ----------------------------------

              RSQ     RBARSQ     SIGMA        RSQ     RBARSQ     SIGMA
             0.751     0.701     0.007       0.788     0.745     0.006

               LL       AIC        SC          LL       AIC       SC
            113.65    107.65    103.35      116.12    110.12    105.82

         CH-SC   CH-FF   CH-NO   CH-HE       CH-SC   CH-FF   CH-NO   CH-HE
          1.36    0.49    0.59    1.64        2.02    0.20    0.00    1.79


PAGE   3

*********  ***************************     ****************************
Group  2   Pooled Mean Group Estimates       Group-Specific Estimates
*********  ***************************     ****************************
 Austria    Dependent variable:  con                         T =  31

            Coef.     St. Er.  t-ratio      Coef.     St. Er.  t-ratio

Long-Run Coefficients

     inc    0.9145    0.0076  120.8898      0.9221    0.0205   44.9636
     inf   -0.5008    0.0521   -9.6144     -0.6163    0.2792   -2.2077

Error Correction Coefficients

     Phi   -0.4328    0.1098   -3.9402     -0.4778    0.1499   -3.1869

Short-Run Coefficients

     inc    0.3958    0.1010    3.9177      0.4406    0.1417    3.1102
     inf   -0.2167    0.0615   -3.5241     -0.2945    0.1892   -1.5568
    dinc    0.0321    0.1522    0.2109     -0.0171    0.2024   -0.0844
dinc(-1)   -0.2037    0.1174   -1.7342     -0.2097    0.1307   -1.6035
    Inpt    0.2803    0.0732    3.8270      0.2671    0.1215    2.1989

                      Summary statistics and diagnostics
                      ----------------------------------

              RSQ     RBARSQ     SIGMA        RSQ     RBARSQ     SIGMA
             0.635     0.562     0.012       0.639     0.567     0.012

               LL       AIC        SC          LL       AIC       SC
             95.31     89.31     85.01       95.46     89.46     85.16

         CH-SC   CH-FF   CH-NO   CH-HE       CH-SC   CH-FF   CH-NO   CH-HE
          2.23    4.25    0.60    0.52        1.51    3.18    0.91    0.61


PAGE   4

*********  ***************************     ****************************
Group  3   Pooled Mean Group Estimates       Group-Specific Estimates
*********  ***************************     ****************************
 Belgium    Dependent variable:  con                         T =  30

            Coef.     St. Er.  t-ratio      Coef.     St. Er.  t-ratio

Long-Run Coefficients

     inc    0.9145    0.0076  120.8898      0.9899    0.0338   29.3226
     inf   -0.5008    0.0521   -9.6144     -0.6455    0.3106   -2.0780

Error Correction Coefficients

     Phi   -0.1864    0.0585   -3.1834     -0.2522    0.0686   -3.6748

Short-Run Coefficients

     inc    0.1704    0.0537    3.1760      0.2497    0.0672    3.7146
     inf   -0.0933    0.0312   -2.9902     -0.1628    0.0949   -1.7153
    dinc    0.1940    0.1030    1.8838      0.1182    0.1239    0.9539
dinc(-1)    0.0114    0.0774    0.1474     -0.0033    0.0805   -0.0408
    Inpt    0.1595    0.0492    3.2404     -0.0318    0.1098   -0.2896

                      Summary statistics and diagnostics
                      ----------------------------------

              RSQ     RBARSQ     SIGMA        RSQ     RBARSQ     SIGMA
             0.720     0.661     0.011       0.763     0.713     0.010

               LL       AIC        SC          LL       AIC       SC
             96.74     90.74     86.54       99.24     93.24     89.04

         CH-SC   CH-FF   CH-NO   CH-HE       CH-SC   CH-FF   CH-NO   CH-HE
          1.11    0.19    0.09    3.10        4.88    0.07    1.19    1.47


PAGE   5

*********  ***************************     ****************************
Group  4   Pooled Mean Group Estimates       Group-Specific Estimates
*********  ***************************     ****************************
  Canada    Dependent variable:  con                         T =  31

            Coef.     St. Er.  t-ratio      Coef.     St. Er.  t-ratio

Long-Run Coefficients

     inc    0.9145    0.0076  120.8898      0.9974    0.0253   39.3621
     inf   -0.5008    0.0521   -9.6144     -1.2430    0.1997   -6.2242

Error Correction Coefficients

     Phi   -0.1623    0.0659   -2.4632     -0.3161    0.0778   -4.0636

Short-Run Coefficients

     inc    0.1484    0.0603    2.4616      0.3153    0.0751    4.1973
     inf   -0.0813    0.0346   -2.3466     -0.3930    0.1090   -3.6054
    dinc    0.3756    0.0852    4.4080      0.2127    0.0979    2.1736
dinc(-1)    0.0136    0.0547    0.2497      0.0406    0.0510    0.7964
    Inpt    0.0827    0.0323    2.5628     -0.0865    0.0707   -1.2237

                      Summary statistics and diagnostics
                      ----------------------------------

              RSQ     RBARSQ     SIGMA        RSQ     RBARSQ     SIGMA
             0.870     0.844     0.010       0.911     0.894     0.008

               LL       AIC        SC          LL       AIC       SC
            102.79     96.79     92.49      108.75    102.75     98.45

         CH-SC   CH-FF   CH-NO   CH-HE       CH-SC   CH-FF   CH-NO   CH-HE
          3.63    1.66    0.81    2.73        0.02    1.94    0.52    1.82


PAGE   6

*********  ***************************     ****************************
Group  5   Pooled Mean Group Estimates       Group-Specific Estimates
*********  ***************************     ****************************
 Denmark    Dependent variable:  con                         T =  31

            Coef.     St. Er.  t-ratio      Coef.     St. Er.  t-ratio

Long-Run Coefficients

     inc    0.9145    0.0076  120.8898      0.9238    0.1664    5.5534
     inf   -0.5008    0.0521   -9.6144      0.3514    1.0451    0.3362

Error Correction Coefficients

     Phi   -0.1128    0.0982   -1.1485     -0.1346    0.1171   -1.1486

Short-Run Coefficients

     inc    0.1031    0.0898    1.1487      0.1243    0.1009    1.2324
     inf   -0.0565    0.0494   -1.1422      0.0473    0.1162    0.4068
    dinc    0.6610    0.1266    5.2209      0.6859    0.1569    4.3713
dinc(-1)   -0.0417    0.0816   -0.5112     -0.0337    0.0919   -0.3664
    Inpt    0.0594    0.0510    1.1635      0.0479    0.2743    0.1745

                      Summary statistics and diagnostics
                      ----------------------------------

              RSQ     RBARSQ     SIGMA        RSQ     RBARSQ     SIGMA
             0.745     0.694     0.015       0.758     0.710     0.015

               LL       AIC        SC          LL       AIC       SC
             88.71     82.71     78.41       89.55     83.55     79.25

         CH-SC   CH-FF   CH-NO   CH-HE       CH-SC   CH-FF   CH-NO   CH-HE
          2.27    0.01    0.59    0.10        1.71    0.13    2.20    0.56


PAGE   7

*********  ***************************     ****************************
Group  6   Pooled Mean Group Estimates       Group-Specific Estimates
*********  ***************************     ****************************
 Finland    Dependent variable:  con                         T =  31

            Coef.     St. Er.  t-ratio      Coef.     St. Er.  t-ratio

Long-Run Coefficients

     inc    0.9145    0.0076  120.8898      0.9152    0.0112   81.5421
     inf   -0.5008    0.0521   -9.6144     -0.4491    0.0824   -5.4466

Error Correction Coefficients

     Phi   -0.6008    0.0802   -7.4893     -0.6179    0.0913   -6.7700

Short-Run Coefficients

     inc    0.5495    0.0738    7.4485      0.5655    0.0844    6.6967
     inf   -0.3009    0.0457   -6.5867     -0.2775    0.0581   -4.7791
    dinc   -0.0025    0.0816   -0.0312     -0.0107    0.0908   -0.1182
dinc(-1)   -0.2185    0.0583   -3.7484     -0.2331    0.0670   -3.4769
    Inpt    0.3590    0.0658    5.4532      0.3622    0.0878    4.1263

                      Summary statistics and diagnostics
                      ----------------------------------

              RSQ     RBARSQ     SIGMA        RSQ     RBARSQ     SIGMA
             0.927     0.913     0.010       0.928     0.914     0.010

               LL       AIC        SC          LL       AIC       SC
            101.70     95.70     91.39      101.93     95.93     91.63

         CH-SC   CH-FF   CH-NO   CH-HE       CH-SC   CH-FF   CH-NO   CH-HE
          0.01    0.00    5.09    1.16        0.09    0.06    5.47    1.20


PAGE   8

*********  ***************************     ****************************
Group  7   Pooled Mean Group Estimates       Group-Specific Estimates
*********  ***************************     ****************************
  France    Dependent variable:  con                         T =  31

            Coef.     St. Er.  t-ratio      Coef.     St. Er.  t-ratio

Long-Run Coefficients

     inc    0.9145    0.0076  120.8898      0.8969    0.1096    8.1818
     inf   -0.5008    0.0521   -9.6144     -0.0237    0.3568   -0.0664

Error Correction Coefficients

     Phi   -0.1154    0.0257   -4.4883     -0.1004    0.0471   -2.1325

Short-Run Coefficients

     inc    0.1055    0.0236    4.4637      0.0901    0.0518    1.7380
     inf   -0.0578    0.0144   -4.0013     -0.0024    0.0365   -0.0652
    dinc    0.3759    0.0622    6.0422      0.4218    0.0758    5.5680
dinc(-1)   -0.1342    0.0522   -2.5696     -0.1157    0.0565   -2.0493
    Inpt    0.0802    0.0167    4.7910      0.0867    0.0912    0.9510

                      Summary statistics and diagnostics
                      ----------------------------------

              RSQ     RBARSQ     SIGMA        RSQ     RBARSQ     SIGMA
             0.887     0.864     0.005       0.898     0.878     0.005

               LL       AIC        SC          LL       AIC       SC
            121.55    115.55    111.24      123.25    117.25    112.95

         CH-SC   CH-FF   CH-NO   CH-HE       CH-SC   CH-FF   CH-NO   CH-HE
          0.01    2.38    1.07    0.00        0.36    2.17    1.33    0.00


PAGE   9

*********  ***************************     ****************************
Group  8   Pooled Mean Group Estimates       Group-Specific Estimates
*********  ***************************     ****************************
 Germany    Dependent variable:  con                         T =  31

            Coef.     St. Er.  t-ratio      Coef.     St. Er.  t-ratio

Long-Run Coefficients

     inc    0.9145    0.0076  120.8898      0.9678    0.1322    7.3205
     inf   -0.5008    0.0521   -9.6144      1.9207    3.1099    0.6176

Error Correction Coefficients

     Phi   -0.0943    0.0661   -1.4259     -0.1071    0.1213   -0.8831

Short-Run Coefficients

     inc    0.0863    0.0605    1.4249      0.1037    0.1270    0.8165
     inf   -0.0472    0.0335   -1.4092      0.2058    0.1539    1.3372
    dinc    0.6472    0.0835    7.7539      0.6603    0.1317    5.0123
dinc(-1)   -0.0206    0.0472   -0.4370     -0.0186    0.0532   -0.3498
    Inpt    0.0492    0.0300    1.6405     -0.0122    0.1513   -0.0805

                      Summary statistics and diagnostics
                      ----------------------------------

              RSQ     RBARSQ     SIGMA        RSQ     RBARSQ     SIGMA
             0.914     0.896     0.013       0.925     0.910     0.013

               LL       AIC        SC          LL       AIC       SC
             92.91     86.91     82.61       95.03     89.03     84.73

         CH-SC   CH-FF   CH-NO   CH-HE       CH-SC   CH-FF   CH-NO   CH-HE
          1.33   16.47    4.95    3.04        3.47   12.45    3.23    1.61


PAGE  10

*********  ***************************     ****************************
Group  9   Pooled Mean Group Estimates       Group-Specific Estimates
*********  ***************************     ****************************
  Greece    Dependent variable:  con                         T =  31

            Coef.     St. Er.  t-ratio      Coef.     St. Er.  t-ratio

Long-Run Coefficients

     inc    0.9145    0.0076  120.8898      0.9305    0.0622   14.9667
     inf   -0.5008    0.0521   -9.6144     -0.3639    0.4948   -0.7354

Error Correction Coefficients

     Phi   -0.1874    0.0662   -2.8300     -0.1881    0.0767   -2.4534

Short-Run Coefficients

     inc    0.1714    0.0606    2.8271      0.1750    0.0737    2.3748
     inf   -0.0939    0.0348   -2.6983     -0.0684    0.1042   -0.6566
    dinc    0.2556    0.1047    2.4411      0.2705    0.1286    2.1023
dinc(-1)    0.0427    0.0782    0.5458      0.0446    0.0870    0.5133
    Inpt    0.1555    0.0553    2.8114      0.1155    0.1535    0.7524

                      Summary statistics and diagnostics
                      ----------------------------------

              RSQ     RBARSQ     SIGMA        RSQ     RBARSQ     SIGMA
             0.743     0.692     0.012       0.744     0.693     0.012

               LL       AIC        SC          LL       AIC       SC
             97.31     91.31     87.00       97.39     91.39     87.09

         CH-SC   CH-FF   CH-NO   CH-HE       CH-SC   CH-FF   CH-NO   CH-HE
          1.99    0.00    0.69    0.75        2.47    0.00    0.57    0.51


PAGE  11

*********  ***************************     ****************************
Group 10   Pooled Mean Group Estimates       Group-Specific Estimates
*********  ***************************     ****************************
 Iceland    Dependent variable:  con                         T =  31

            Coef.     St. Er.  t-ratio      Coef.     St. Er.  t-ratio

Long-Run Coefficients

     inc    0.9145    0.0076  120.8898      1.0444    0.0646   16.1721
     inf   -0.5008    0.0521   -9.6144     -0.0877    0.1422   -0.6168

Error Correction Coefficients

     Phi   -0.0186    0.0603   -0.3094     -0.2629    0.1306   -2.0127

Short-Run Coefficients

     inc    0.0171    0.0551    0.3094      0.2745    0.1361    2.0168
     inf   -0.0093    0.0302   -0.3094     -0.0231    0.0424   -0.5445
    dinc    0.7800    0.1018    7.6589      0.5381    0.1554    3.4631
dinc(-1)    0.0759    0.0642    1.1824      0.0212    0.0706    0.3008
    Inpt    0.0209    0.0577    0.3628     -0.2407    0.2506   -0.9604

                      Summary statistics and diagnostics
                      ----------------------------------

              RSQ     RBARSQ     SIGMA        RSQ     RBARSQ     SIGMA
             0.873     0.847     0.027       0.892     0.871     0.025

               LL       AIC        SC          LL       AIC       SC
             71.08     65.08     60.78       73.68     67.68     63.38

         CH-SC   CH-FF   CH-NO   CH-HE       CH-SC   CH-FF   CH-NO   CH-HE
          0.62    0.60    1.79    1.73        0.01    0.10    1.88    0.34


PAGE  12

*********  ***************************     ****************************
Group 11   Pooled Mean Group Estimates       Group-Specific Estimates
*********  ***************************     ****************************
 Ireland    Dependent variable:  con                         T =  31

            Coef.     St. Er.  t-ratio      Coef.     St. Er.  t-ratio

Long-Run Coefficients

     inc    0.9145    0.0076  120.8898      0.8601    0.0319   26.9293
     inf   -0.5008    0.0521   -9.6144     -0.1800    0.1540   -1.1684

Error Correction Coefficients

     Phi   -0.2787    0.1272   -2.1917     -0.5285    0.1786   -2.9589

Short-Run Coefficients

     inc    0.2549    0.1162    2.1935      0.4546    0.1561    2.9127
     inf   -0.1396    0.0638   -2.1892     -0.0951    0.0858   -1.1088
    dinc    0.2844    0.1784    1.5945      0.1251    0.2001    0.6250
dinc(-1)    0.1425    0.1141    1.2482      0.1154    0.1188    0.9712
    Inpt    0.1255    0.0609    2.0600      0.4592    0.2001    2.2949

                      Summary statistics and diagnostics
                      ----------------------------------

              RSQ     RBARSQ     SIGMA        RSQ     RBARSQ     SIGMA
             0.598     0.517     0.022       0.656     0.587     0.021

               LL       AIC        SC          LL       AIC       SC
             77.33     71.33     67.03       79.77     73.77     69.46

         CH-SC   CH-FF   CH-NO   CH-HE       CH-SC   CH-FF   CH-NO   CH-HE
          0.09    0.11    2.96    3.13        0.34    0.02    0.16    0.42


PAGE  13

*********  ***************************     ****************************
Group 12   Pooled Mean Group Estimates       Group-Specific Estimates
*********  ***************************     ****************************
   Italy    Dependent variable:  con                         T =  31

            Coef.     St. Er.  t-ratio      Coef.     St. Er.  t-ratio

Long-Run Coefficients

     inc    0.9145    0.0076  120.8898      1.0739    0.0178   60.4101
     inf   -0.5008    0.0521   -9.6144      0.0134    0.0877    0.1528

Error Correction Coefficients

     Phi   -0.0414    0.0381   -1.0858     -0.4589    0.1533   -2.9935

Short-Run Coefficients

     inc    0.0379    0.0349    1.0855      0.4928    0.1674    2.9436
     inf   -0.0207    0.0192   -1.0822      0.0062    0.0397    0.1549
    dinc    0.6076    0.1025    5.9261      0.1901    0.1788    1.0634
dinc(-1)    0.1770    0.0910    1.9444      0.0073    0.1058    0.0686
    Inpt    0.0519    0.0423    1.2255     -0.7074    0.3067   -2.3066

                      Summary statistics and diagnostics
                      ----------------------------------

              RSQ     RBARSQ     SIGMA        RSQ     RBARSQ     SIGMA
             0.772     0.726     0.013       0.834     0.801     0.011

               LL       AIC        SC          LL       AIC       SC
             94.65     88.65     84.34       99.54     93.54     89.24

         CH-SC   CH-FF   CH-NO   CH-HE       CH-SC   CH-FF   CH-NO   CH-HE
          0.19    0.23    0.63    0.36        0.34    0.02    0.54    0.23


PAGE  14

*********  ***************************     ****************************
Group 13   Pooled Mean Group Estimates       Group-Specific Estimates
*********  ***************************     ****************************
   Japan    Dependent variable:  con                         T =  31

            Coef.     St. Er.  t-ratio      Coef.     St. Er.  t-ratio

Long-Run Coefficients

     inc    0.9145    0.0076  120.8898      0.8617    0.0286   30.1225
     inf   -0.5008    0.0521   -9.6144     -0.9851    0.1658   -5.9421

Error Correction Coefficients

     Phi   -0.2788    0.0472   -5.9052     -0.2790    0.0556   -5.0137

Short-Run Coefficients

     inc    0.2549    0.0437    5.8276      0.2404    0.0540    4.4537
     inf   -0.1396    0.0300   -4.6513     -0.2748    0.0616   -4.4642
    dinc    0.2914    0.0731    3.9872      0.1820    0.0841    2.1638
dinc(-1)   -0.1434    0.0476   -3.0108     -0.1175    0.0451   -2.6071
    Inpt    0.2595    0.0450    5.7696      0.4824    0.0828    5.8264

                      Summary statistics and diagnostics
                      ----------------------------------

              RSQ     RBARSQ     SIGMA        RSQ     RBARSQ     SIGMA
             0.917     0.900     0.009       0.942     0.930     0.007

               LL       AIC        SC          LL       AIC       SC
            106.39    100.39     96.09      111.90    105.90    101.59

         CH-SC   CH-FF   CH-NO   CH-HE       CH-SC   CH-FF   CH-NO   CH-HE
          0.10    0.69    0.84    0.23        0.08    0.09    0.73    0.31


PAGE  15

*********  ***************************     ****************************
Group 14   Pooled Mean Group Estimates       Group-Specific Estimates
*********  ***************************     ****************************
Luxembou    Dependent variable:  con                         T =  31

            Coef.     St. Er.  t-ratio      Coef.     St. Er.  t-ratio

Long-Run Coefficients

     inc    0.9145    0.0076  120.8898      0.6308    0.0414   15.2553
     inf   -0.5008    0.0521   -9.6144     -0.5677    0.6141   -0.9243

Error Correction Coefficients

     Phi    0.0183    0.0280    0.6518     -0.2012    0.1014   -1.9852

Short-Run Coefficients

     inc   -0.0167    0.0256   -0.6518      0.1269    0.0693    1.8310
     inf    0.0092    0.0141    0.6504     -0.1142    0.0982   -1.1636
    dinc    0.0989    0.0548    1.8046      0.0026    0.0691    0.0381
dinc(-1)    0.0791    0.0545    1.4510      0.0291    0.0594    0.4890
    Inpt    0.0110    0.0191    0.5773      0.9110    0.3869    2.3548

                      Summary statistics and diagnostics
                      ----------------------------------

              RSQ     RBARSQ     SIGMA        RSQ     RBARSQ     SIGMA
             0.125    -0.051     0.016       0.350     0.220     0.014

               LL       AIC        SC          LL       AIC       SC
             87.51     81.51     77.21       92.12     86.12     81.82

         CH-SC   CH-FF   CH-NO   CH-HE       CH-SC   CH-FF   CH-NO   CH-HE
          3.63    1.27    1.91    0.12        1.84    4.49    0.85    0.47


PAGE  16

*********  ***************************     ****************************
Group 15   Pooled Mean Group Estimates       Group-Specific Estimates
*********  ***************************     ****************************
Netherla    Dependent variable:  con                         T =  31

            Coef.     St. Er.  t-ratio      Coef.     St. Er.  t-ratio

Long-Run Coefficients

     inc    0.9145    0.0076  120.8898      1.0192    0.0610   16.7178
     inf   -0.5008    0.0521   -9.6144     -0.5198    0.3130   -1.6605

Error Correction Coefficients

     Phi   -0.1616    0.0918   -1.7595     -0.2457    0.1120   -2.1942

Short-Run Coefficients

     inc    0.1478    0.0840    1.7583      0.2504    0.1091    2.2952
     inf   -0.0809    0.0471   -1.7173     -0.1277    0.1077   -1.1854
    dinc    0.2451    0.1441    1.7006      0.1954    0.1619    1.2068
dinc(-1)    0.2010    0.1018    1.9739      0.2046    0.1088    1.8803
    Inpt    0.0868    0.0473    1.8363     -0.1339    0.1417   -0.9448

                      Summary statistics and diagnostics
                      ----------------------------------

              RSQ     RBARSQ     SIGMA        RSQ     RBARSQ     SIGMA
             0.795     0.754     0.011       0.817     0.781     0.011

               LL       AIC        SC          LL       AIC       SC
             98.73     92.73     88.43      100.50     94.50     90.20

         CH-SC   CH-FF   CH-NO   CH-HE       CH-SC   CH-FF   CH-NO   CH-HE
          6.67    2.52    0.94    1.61        5.57    1.04    1.14    0.64


PAGE  17

*********  ***************************     ****************************
Group 16   Pooled Mean Group Estimates       Group-Specific Estimates
*********  ***************************     ****************************
NewZeala    Dependent variable:  con                         T =  31

            Coef.     St. Er.  t-ratio      Coef.     St. Er.  t-ratio

Long-Run Coefficients

     inc    0.9145    0.0076  120.8898      0.8747    0.0851   10.2780
     inf   -0.5008    0.0521   -9.6144     -0.5781    0.1784   -3.2411

Error Correction Coefficients

     Phi   -0.4019    0.0907   -4.4316     -0.3923    0.1126   -3.4831

Short-Run Coefficients

     inc    0.3676    0.0829    4.4325      0.3432    0.0956    3.5889
     inf   -0.2013    0.0472   -4.2681     -0.2268    0.0637   -3.5578
    dinc    0.1032    0.1064    0.9701      0.1025    0.1199    0.8546
dinc(-1)    0.0856    0.0688    1.2445      0.0875    0.0766    1.1435
    Inpt    0.1862    0.0504    3.6932      0.3261    0.3356    0.9714

                      Summary statistics and diagnostics
                      ----------------------------------

              RSQ     RBARSQ     SIGMA        RSQ     RBARSQ     SIGMA
             0.785     0.742     0.015       0.792     0.750     0.014

               LL       AIC        SC          LL       AIC       SC
             90.08     84.08     79.78       90.60     84.60     80.30

         CH-SC   CH-FF   CH-NO   CH-HE       CH-SC   CH-FF   CH-NO   CH-HE
          6.05    0.90    1.65    2.10        5.36    0.99    1.17    1.27


PAGE  18

*********  ***************************     ****************************
Group 17   Pooled Mean Group Estimates       Group-Specific Estimates
*********  ***************************     ****************************
  Norway    Dependent variable:  con                         T =  31

            Coef.     St. Er.  t-ratio      Coef.     St. Er.  t-ratio

Long-Run Coefficients

     inc    0.9145    0.0076  120.8898      0.8738    0.0374   23.3442
     inf   -0.5008    0.0521   -9.6144     -0.6278    0.3542   -1.7723

Error Correction Coefficients

     Phi   -0.4330    0.1167   -3.7101     -0.4789    0.1354   -3.5385

Short-Run Coefficients

     inc    0.3960    0.1065    3.7164      0.4185    0.1178    3.5510
     inf   -0.2168    0.0624   -3.4733     -0.3007    0.1650   -1.8226
    dinc   -0.2023    0.1479   -1.3682     -0.2879    0.1760   -1.6364
dinc(-1)    0.1687    0.1342    1.2574      0.1297    0.1691    0.7667
    Inpt    0.2526    0.0788    3.2074      0.5086    0.2581    1.9703

                      Summary statistics and diagnostics
                      ----------------------------------

              RSQ     RBARSQ     SIGMA        RSQ     RBARSQ     SIGMA
             0.543     0.451     0.021       0.574     0.489     0.020

               LL       AIC        SC          LL       AIC       SC
             79.22     73.22     68.92       80.32     74.32     70.02

         CH-SC   CH-FF   CH-NO   CH-HE       CH-SC   CH-FF   CH-NO   CH-HE
          4.33    0.14    2.07    0.03        5.46    0.12    4.83    0.02


PAGE  19

*********  ***************************     ****************************
Group 18   Pooled Mean Group Estimates       Group-Specific Estimates
*********  ***************************     ****************************
Portugal    Dependent variable:  con                         T =  31

            Coef.     St. Er.  t-ratio      Coef.     St. Er.  t-ratio

Long-Run Coefficients

     inc    0.9145    0.0076  120.8898      0.9534    0.0489   19.5140
     inf   -0.5008    0.0521   -9.6144     -0.4221    0.3719   -1.1352

Error Correction Coefficients

     Phi   -0.3919    0.0852   -4.5995     -0.4277    0.1433   -2.9852

Short-Run Coefficients

     inc    0.3584    0.0780    4.5922      0.4078    0.1282    3.1816
     inf   -0.1963    0.0442   -4.4429     -0.1806    0.1218   -1.4822
    dinc   -0.0531    0.1287   -0.4122     -0.0622    0.1436   -0.4333
dinc(-1)   -0.0573    0.1071   -0.5351     -0.0747    0.1223   -0.6106
    Inpt    0.3163    0.0760    4.1643      0.1249    0.2745    0.4552

                      Summary statistics and diagnostics
                      ----------------------------------

              RSQ     RBARSQ     SIGMA        RSQ     RBARSQ     SIGMA
             0.714     0.657     0.032       0.727     0.672     0.031

               LL       AIC        SC          LL       AIC       SC
             65.97     59.97     55.67       66.66     60.66     56.35

         CH-SC   CH-FF   CH-NO   CH-HE       CH-SC   CH-FF   CH-NO   CH-HE
          0.13    6.41    2.44   12.85        0.35    6.69    5.87   12.81


PAGE  20

*********  ***************************     ****************************
Group 19   Pooled Mean Group Estimates       Group-Specific Estimates
*********  ***************************     ****************************
   Spain    Dependent variable:  con                         T =  31

            Coef.     St. Er.  t-ratio      Coef.     St. Er.  t-ratio

Long-Run Coefficients

     inc    0.9145    0.0076  120.8898      0.8912    0.0206   43.1728
     inf   -0.5008    0.0521   -9.6144     -0.0171    0.1241   -0.1377

Error Correction Coefficients

     Phi   -0.1314    0.0842   -1.5601     -0.3888    0.1209   -3.2152

Short-Run Coefficients

     inc    0.1201    0.0770    1.5606      0.3465    0.1097    3.1579
     inf   -0.0658    0.0420   -1.5658     -0.0066    0.0486   -0.1367
    dinc    0.5022    0.1189    4.2250      0.2928    0.1352    2.1664
dinc(-1)    0.0805    0.0902    0.8920     -0.0339    0.0953   -0.3561
    Inpt    0.1222    0.0774    1.5788      0.4538    0.1595    2.8452

                      Summary statistics and diagnostics
                      ----------------------------------

              RSQ     RBARSQ     SIGMA        RSQ     RBARSQ     SIGMA
             0.874     0.849     0.011       0.906     0.887     0.010

               LL       AIC        SC          LL       AIC       SC
             98.43     92.43     88.12      102.96     96.96     92.66

         CH-SC   CH-FF   CH-NO   CH-HE       CH-SC   CH-FF   CH-NO   CH-HE
          0.23    0.08    3.57    0.91        0.06    0.04    0.43    3.88


PAGE  21

*********  ***************************     ****************************
Group 20   Pooled Mean Group Estimates       Group-Specific Estimates
*********  ***************************     ****************************
  Sweden    Dependent variable:  con                         T =  31

            Coef.     St. Er.  t-ratio      Coef.     St. Er.  t-ratio

Long-Run Coefficients

     inc    0.9145    0.0076  120.8898      0.9442    0.0548   17.2277
     inf   -0.5008    0.0521   -9.6144     -0.8812    0.2664   -3.3074

Error Correction Coefficients

     Phi   -0.3416    0.1113   -3.0689     -0.3517    0.1208   -2.9114

Short-Run Coefficients

     inc    0.3124    0.1018    3.0705      0.3321    0.1088    3.0534
     inf   -0.1711    0.0590   -2.8986     -0.3099    0.1057   -2.9310
    dinc    0.1100    0.1425    0.7718      0.0616    0.1605    0.3839
dinc(-1)    0.0241    0.0910    0.2643      0.0329    0.0988    0.3333
    Inpt    0.1943    0.0696    2.7916      0.0885    0.2325    0.3804

                      Summary statistics and diagnostics
                      ----------------------------------

              RSQ     RBARSQ     SIGMA        RSQ     RBARSQ     SIGMA
             0.766     0.720     0.012       0.788     0.746     0.011

               LL       AIC        SC          LL       AIC       SC
             96.87     90.87     86.57       98.38     92.38     88.08

         CH-SC   CH-FF   CH-NO   CH-HE       CH-SC   CH-FF   CH-NO   CH-HE
          0.35    0.63    0.25    1.82        0.00    0.00    0.18    1.08


PAGE  22

*********  ***************************     ****************************
Group 21   Pooled Mean Group Estimates       Group-Specific Estimates
*********  ***************************     ****************************
Switzerl    Dependent variable:  con                         T =  31

            Coef.     St. Er.  t-ratio      Coef.     St. Er.  t-ratio

Long-Run Coefficients

     inc    0.9145    0.0076  120.8898      0.6450    0.1711    3.7706
     inf   -0.5008    0.0521   -9.6144     -0.3897    0.8385   -0.4647

Error Correction Coefficients

     Phi   -0.0411    0.0554   -0.7422     -0.0938    0.0596   -1.5747

Short-Run Coefficients

     inc    0.0376    0.0507    0.7422      0.0605    0.0524    1.1547
     inf   -0.0206    0.0278   -0.7404     -0.0366    0.0783   -0.4672
    dinc    0.5434    0.0804    6.7550      0.4655    0.0905    5.1438
dinc(-1)   -0.0171    0.0734   -0.2337     -0.0360    0.0841   -0.4281
    Inpt    0.0257    0.0276    0.9316      0.3159    0.1131    2.7937

                      Summary statistics and diagnostics
                      ----------------------------------

              RSQ     RBARSQ     SIGMA        RSQ     RBARSQ     SIGMA
             0.762     0.714     0.009       0.814     0.777     0.008

               LL       AIC        SC          LL       AIC       SC
            106.32    100.32     96.02      110.17    104.17     99.86

         CH-SC   CH-FF   CH-NO   CH-HE       CH-SC   CH-FF   CH-NO   CH-HE
          3.88    0.59    0.44    0.08        1.16    0.01    3.39    0.02


PAGE  23

*********  ***************************     ****************************
Group 22   Pooled Mean Group Estimates       Group-Specific Estimates
*********  ***************************     ****************************
  Turkey    Dependent variable:  con                         T =  31

            Coef.     St. Er.  t-ratio      Coef.     St. Er.  t-ratio

Long-Run Coefficients

     inc    0.9145    0.0076  120.8898      0.6407    0.1330    4.8168
     inf   -0.5008    0.0521   -9.6144      0.2080    0.1680    1.2380

Error Correction Coefficients

     Phi   -0.1007    0.0908   -1.1092     -0.5621    0.1762   -3.1907

Short-Run Coefficients

     inc    0.0921    0.0830    1.1090      0.3601    0.1395    2.5818
     inf   -0.0504    0.0452   -1.1155      0.1169    0.0974    1.2003
    dinc    0.5511    0.2051    2.6873      0.4856    0.2395    2.0280
dinc(-1)    0.0254    0.1342    0.1893      0.1242    0.1455    0.8539
    Inpt    0.1087    0.0995    1.0923      2.6166    1.2602    2.0763

                      Summary statistics and diagnostics
                      ----------------------------------

              RSQ     RBARSQ     SIGMA        RSQ     RBARSQ     SIGMA
             0.543     0.452     0.040       0.665     0.597     0.034

               LL       AIC        SC          LL       AIC       SC
             59.36     53.36     49.06       64.13     58.13     53.83

         CH-SC   CH-FF   CH-NO   CH-HE       CH-SC   CH-FF   CH-NO   CH-HE
          1.94    1.44    1.98    0.06        0.03    0.00    0.14    0.00


PAGE  24

*********  ***************************     ****************************
Group 23   Pooled Mean Group Estimates       Group-Specific Estimates
*********  ***************************     ****************************
    U.S.    Dependent variable:  con                         T =  31

            Coef.     St. Er.  t-ratio      Coef.     St. Er.  t-ratio

Long-Run Coefficients

     inc    0.9145    0.0076  120.8898      1.1338    0.0492   23.0522
     inf   -0.5008    0.0521   -9.6144     -0.2623    0.1761   -1.4895

Error Correction Coefficients

     Phi    0.0034    0.0570    0.0592     -0.2449    0.0933   -2.6258

Short-Run Coefficients

     inc   -0.0031    0.0522   -0.0592      0.2776    0.0986    2.8164
     inf    0.0017    0.0286    0.0592     -0.0642    0.0476   -1.3483
    dinc    0.8723    0.1187    7.3506      0.5885    0.1374    4.2835
dinc(-1)    0.1510    0.0851    1.7740      0.0948    0.0801    1.1838
    Inpt   -0.0015    0.0251   -0.0581     -0.3678    0.1105   -3.3275

                      Summary statistics and diagnostics
                      ----------------------------------

              RSQ     RBARSQ     SIGMA        RSQ     RBARSQ     SIGMA
             0.798     0.758     0.012       0.862     0.834     0.010

               LL       AIC        SC          LL       AIC       SC
             96.75     90.75     86.45      102.66     96.66     92.35

         CH-SC   CH-FF   CH-NO   CH-HE       CH-SC   CH-FF   CH-NO   CH-HE
          2.09    4.91    0.28    1.40        0.36    9.35    3.37    0.38


PAGE  25

                  ******************************
                  Static Fixed Effects Estimates
                  ******************************
          Dependent variable:  con  Sample size: T(1) + ... + T(N) = 767

                            FE                 Robust

            Coef.     St. Er.  t-ratio    St. Er.  t-ratio

     inc    0.9532    0.0067  142.2047    0.0338   28.1704
     inf   -0.0945    0.0273   -3.4648    0.0481   -1.9635


                  Summary statistics and diagnostics
                  ----------------------------------

            RBARSQ     SIGMA      LL        AIC       SC

            -1.112     0.045   1305.24   1279.24   1218.89

             CH-SC     CH-FF     CH-NO     CH-HE

           1269.41      5.75     85.28    364.45

                  *******************************
                  Dynamic Fixed Effects Estimates
                  *******************************
          Dependent variable:  con  Sample size: T(1) + ... + T(N) = 743

                            FE                 Robust

            Coef.     St. Er.  t-ratio    St. Er.  t-ratio

Long-Run Coefficients

     inc    0.9247    0.0191   48.3320    0.0478   19.3300
     inf   -0.3067    0.0763   -4.0211    0.1189   -2.5790


Error Correction Coefficients

     Phi   -0.1560    0.0171   -9.1366    0.0447   -3.4898

Short-Run Coefficients

     inc    0.1442    0.0163    8.8666    0.0469    3.0726
     inf   -0.0478    0.0120   -3.9734    0.0187   -2.5630
    dinc    0.3953    0.0253   15.6481    0.0666    5.9395
dinc(-1)    0.0610    0.0195    3.1226    0.0297    2.0541


                  Summary statistics and diagnostics
                  ----------------------------------

            RBARSQ     SIGMA      LL        AIC       SC

             0.655     0.018   1936.76   1907.76   1840.90

             CH-SC     CH-FF     CH-NO     CH-HE

              0.20      2.45    669.41    127.66


PAGE  26

          **********************    **********************
           Pooled MGE Estimates         MGE Estimates
          **********************    **********************
             Dependent variable:  con

           Coef.  St. Er. t-ratio    Coef. St. Er. t-ratio h-test  p-val

Long-Run Coefficients

     inc   0.915   0.008 120.890     0.916   0.028  33.204   0.00   0.95
     inf  -0.501   0.052  -9.614    -0.305   0.128  -2.379   2.79   0.09

                                      Joint Hausman test:    2.79   0.25

Error Correction Coefficients

     Phi  -0.198   0.035  -5.698    -0.317   0.032  -9.768

Short-Run Coefficients

     inc   0.181   0.032   5.698     0.289   0.029  10.031
     inf  -0.099   0.017  -5.698    -0.117   0.031  -3.754
    dinc   0.326   0.059   5.558     0.233   0.052   4.444
dinc(-1)   0.023   0.024   0.952     0.005   0.022   0.242
    Inpt   0.132   0.022   6.111     0.235   0.130   1.810


* h-test is the Hausman test statistic with its associated p-value.


PAGE  27

                     OLS VERSION

      Group-Specific Estimates of the Long-Run Coefficients
       Based on ARDL Specifications With Pre-Specified Lags

********   **************************  **************************
 Group             Estimates             Diagnostic Statistics
********   **************************  **************************
Dependent variable:  con

             Phi    inc    inf  SIGMA  Ch-SC  CH-FF  CH-NO  CH-HE RBARSQ     LL

Australi  -0.182  1.081 -0.648  0.006   2.02   0.20   0.00   1.79   0.75 116.12
          (0.067)(0.046)(0.189)
 Austria  -0.478  0.922 -0.616  0.012   1.51   3.18   0.91   0.61   0.57  95.46
          (0.150)(0.021)(0.279)
 Belgium  -0.252  0.990 -0.645  0.010   4.88   0.07   1.19   1.47   0.71  99.24
          (0.069)(0.034)(0.311)
  Canada  -0.316  0.997 -1.243  0.008   0.02   1.94   0.52   1.82   0.89 108.75
          (0.078)(0.025)(0.200)
 Denmark  -0.135  0.924  0.351  0.015   1.71   0.13   2.20   0.56   0.71  89.55
          (0.117)(0.166)(1.045)
 Finland  -0.618  0.915 -0.449  0.010   0.09   0.06   5.47   1.20   0.91 101.93
          (0.091)(0.011)(0.082)
  France  -0.100  0.897 -0.024  0.005   0.36   2.17   1.33   0.00   0.88 123.25
          (0.047)(0.110)(0.357)
 Germany  -0.107  0.968  1.921  0.013   3.47  12.45   3.23   1.61   0.91  95.03
          (0.121)(0.132)(3.110)
  Greece  -0.188  0.931 -0.364  0.012   2.47   0.00   0.57   0.51   0.69  97.39
          (0.077)(0.062)(0.495)
 Iceland  -0.263  1.044 -0.088  0.025   0.01   0.10   1.88   0.34   0.87  73.68
          (0.131)(0.065)(0.142)
 Ireland  -0.529  0.860 -0.180  0.021   0.34   0.02   0.16   0.42   0.59  79.77
          (0.179)(0.032)(0.154)
   Italy  -0.459  1.074  0.013  0.011   0.34   0.02   0.54   0.23   0.80  99.54
          (0.153)(0.018)(0.088)
   Japan  -0.279  0.862 -0.985  0.007   0.08   0.09   0.73   0.31   0.93 111.90
          (0.056)(0.029)(0.166)
Luxembou  -0.201  0.631 -0.568  0.014   1.84   4.49   0.85   0.47   0.22  92.12
          (0.101)(0.041)(0.614)
Netherla  -0.246  1.019 -0.520  0.011   5.57   1.04   1.14   0.64   0.78 100.50
          (0.112)(0.061)(0.313)
NewZeala  -0.392  0.875 -0.578  0.014   5.36   0.99   1.17   1.27   0.75  90.60
          (0.113)(0.085)(0.178)
  Norway  -0.479  0.874 -0.628  0.020   5.46   0.12   4.83   0.02   0.49  80.32
          (0.135)(0.037)(0.354)
Portugal  -0.428  0.953 -0.422  0.031   0.35   6.69   5.87  12.81   0.67  66.66
          (0.143)(0.049)(0.372)
   Spain  -0.389  0.891 -0.017  0.010   0.06   0.04   0.43   3.88   0.89 102.96
          (0.121)(0.021)(0.124)
  Sweden  -0.352  0.944 -0.881  0.011   0.00   0.00   0.18   1.08   0.75  98.38
          (0.121)(0.055)(0.266)
Switzerl  -0.094  0.645 -0.390  0.008   1.16   0.01   3.39   0.02   0.78 110.17
          (0.060)(0.171)(0.839)
  Turkey  -0.562  0.641  0.208  0.034   0.03   0.00   0.14   0.00   0.60  64.13
          (0.176)(0.133)(0.168)
    U.S.  -0.245  1.134 -0.262  0.010   0.36   9.35   3.37   0.38   0.83 102.66
          (0.093)(0.049)(0.176)

Figures in brackets are the standard errors.



PAGE  28

                     PMLE VERSION

      Group-Specific Estimates of the Long-Run Coefficients
       Based on ARDL Specifications With Pre-Specified Lags

********   **************************  **************************
 Group             Estimates             Diagnostic Statistics
********   **************************  **************************
Dependent variable:  con

             Phi    inc    inf  SIGMA  Ch-SC  CH-FF  CH-NO  CH-HE RBARSQ     LL

Australi  -0.068  0.915 -0.501  0.007   1.36   0.49   0.59   1.64   0.70 113.65
          (0.037)(0.008)(0.052)
 Austria  -0.433  0.915 -0.501  0.012   2.23   4.25   0.60   0.52   0.56  95.31
          (0.110)(0.008)(0.052)
 Belgium  -0.186  0.915 -0.501  0.011   1.11   0.19   0.09   3.10   0.66  96.74
          (0.059)(0.008)(0.052)
  Canada  -0.162  0.915 -0.501  0.010   3.63   1.66   0.81   2.73   0.84 102.79
          (0.066)(0.008)(0.052)
 Denmark  -0.113  0.915 -0.501  0.015   2.27   0.01   0.59   0.10   0.69  88.71
          (0.098)(0.008)(0.052)
 Finland  -0.601  0.915 -0.501  0.010   0.01   0.00   5.09   1.16   0.91 101.70
          (0.080)(0.008)(0.052)
  France  -0.115  0.915 -0.501  0.005   0.01   2.38   1.07   0.00   0.86 121.55
          (0.026)(0.008)(0.052)
 Germany  -0.094  0.915 -0.501  0.013   1.33  16.47   4.95   3.04   0.90  92.91
          (0.066)(0.008)(0.052)
  Greece  -0.187  0.915 -0.501  0.012   1.99   0.00   0.69   0.75   0.69  97.31
          (0.066)(0.008)(0.052)
 Iceland  -0.019  0.915 -0.501  0.027   0.62   0.60   1.79   1.73   0.85  71.08
          (0.060)(0.008)(0.052)
 Ireland  -0.279  0.915 -0.501  0.022   0.09   0.11   2.96   3.13   0.52  77.33
          (0.127)(0.008)(0.052)
   Italy  -0.041  0.915 -0.501  0.013   0.19   0.23   0.63   0.36   0.73  94.65
          (0.038)(0.008)(0.052)
   Japan  -0.279  0.915 -0.501  0.009   0.10   0.69   0.84   0.23   0.90 106.39
          (0.047)(0.008)(0.052)
Luxembou   0.018  0.915 -0.501  0.016   3.63   1.27   1.91   0.12  -0.05  87.51
          (0.028)(0.008)(0.052)
Netherla  -0.162  0.915 -0.501  0.011   6.67   2.52   0.94   1.61   0.75  98.73
          (0.092)(0.008)(0.052)
NewZeala  -0.402  0.915 -0.501  0.015   6.05   0.90   1.65   2.10   0.74  90.08
          (0.091)(0.008)(0.052)
  Norway  -0.433  0.915 -0.501  0.021   4.33   0.14   2.07   0.03   0.45  79.22
          (0.117)(0.008)(0.052)
Portugal  -0.392  0.915 -0.501  0.032   0.13   6.41   2.44  12.85   0.66  65.97
          (0.085)(0.008)(0.052)
   Spain  -0.131  0.915 -0.501  0.011   0.23   0.08   3.57   0.91   0.85  98.43
          (0.084)(0.008)(0.052)
  Sweden  -0.342  0.915 -0.501  0.012   0.35   0.63   0.25   1.82   0.72  96.87
          (0.111)(0.008)(0.052)
Switzerl  -0.041  0.915 -0.501  0.009   3.88   0.59   0.44   0.08   0.71 106.32
          (0.055)(0.008)(0.052)
  Turkey  -0.101  0.915 -0.501  0.040   1.94   1.44   1.98   0.06   0.45  59.36
          (0.091)(0.008)(0.052)
    U.S.   0.003  0.915 -0.501  0.012   2.09   4.91   0.28   1.40   0.76  96.75
          (0.057)(0.008)(0.052)

Figures in brackets are the standard errors.


